Arguments: 
  C:\Program Files\nodejs\node.exe C:\Users\icestone\AppData\Roaming\npm\node_modules\yarn\bin\yarn.js

PATH: 
  C:\ZenTao\bin\git\cmd;C:\ZenTao\bin\sliksvn;C:\Program Files\Common Files\Oracle\Java\javapath;C:\ZenTao\zbox\nssm\win32;C:\Users\icestone\Downloads\Programs\ZenTao\zbox\nssm\win32;C:\Program Files (x86)\VMware\VMware Workstation\bin\;C:\Windows\system32;C:\Windows;C:\Windows\System32\Wbem;C:\Windows\System32\WindowsPowerShell\v1.0\;C:\Windows\System32\OpenSSH\;C:\Program Files\NVIDIA Corporation\NVIDIA NvDLISR;C:\Program Files (x86)\NVIDIA Corporation\PhysX\Common;C:\Program Files\Git\cmd;C:\Program Files (x86)\NetSarang\Xftp 7\;C:\Program Files (x86)\NetSarang\Xshell 7\;C:\Program Files\MySQL\MySQL Server 8.0\bin;C:\Program Files (x86)\Tencent\微信web开发者工具\dll;C:\Users\icestone\AppData\Local\Microsoft\WindowsApps;C:\Users\icestone\AppData\Local\JetBrains\Toolbox\scripts;C:\Users\icestone\AppData\Roaming\npm;C:\Users\icestone\AppData\Local\Programs\Microsoft VS Code\bin;C:\Users\icestone\AppData\Roaming\Tencent\QQGameTempest\Hall.57938\;C:\Users\icestone\AppData\Local\GitHubDesktop\bin;D:\runTime\apache-mav;D:;C:\Program Files\Go\bin;C:\Users\icestone\AppData\Local\Microsoft\WindowsApps;C:\Users\icestone\AppData\Local\JetBrains\Toolbox\scripts;C:\Users\icestone\AppData\Roaming\npm;C:\Users\icestone\AppData\Local\Programs\Microsoft VS Code\bin;C:\Users\icestone\AppData\Roaming\Tencent\QQGameTempest\Hall.57938\;C:\Users\icestone\AppData\Local\GitHubDesktop\bin;C:\Program Files\JetBrains\PyCharm Community Edition 2023.1.2\bin;;C:\Users\icestone\AppData\Roaming\nvm;C:\Program Files\nodejs;C:\Users\icestone\go\bin;C:\Program Files\JetBrains\GoLand 2023.2\bin;

Yarn version: 
  1.22.19

Node version: 
  16.18.1

Platform: 
  win32 x64

Trace: 
  Error: getaddrinfo ENOTFOUND registry.npmjs.org
      at GetAddrInfoReqWrap.onlookup [as oncomplete] (node:dns:109:26)

npm manifest: 
  {
    "name": "lagowang",
    "version": "1.0.0",
    "description": "",
    "main": "index.js",
    "scripts": {
      "dev": "npx webpack-dev-server --config webpack.config.js",
      "bundle": "npx webpack --config webpack.config.js"
    },
    "author": "",
    "license": "ISC",
    "devDependencies": {
      "babel-core": "^6.26.3",
      "babel-loader": "^7.1.5",
      "babel-preset-env": "^1.7.0",
      "clean-webpack-plugin": "^4.0.0-alpha.0",
      "file-loader": "^6.2.0",
      "html-webpack-plugin": "^4.5.0",
      "img-loader": "^4.0.0",
      "less": "^4.1.1",
      "mini-css-extract-plugin": "^1.6.0",
      "url-loader": "^4.1.1",
      "webpack": "^4.41.0",
      "webpack-cli": "^3.3.9",
      "webpack-dev-server": "^3.11.2"
    },
    "dependencies": {
      "css-loader": "^5.2.6",
      "less-loader": "^5.0.0",
      "style-loader": "^2.0.0"
    }
  }

yarn manifest: 
  No manifest

Lockfile: 
  No lockfile
